#
# There is insufficient memory for the Java Runtime Environment to continue.
# Native memory allocation (malloc) failed to allocate 1482448 bytes for Chunk::new
# Possible reasons:
#   The system is out of physical RAM or swap space
#   In 32 bit mode, the process size limit was hit
# Possible solutions:
#   Reduce memory load on the system
#   Increase physical memory or swap space
#   Check if swap backing store is full
#   Use 64 bit Java on a 64 bit OS
#   Decrease Java heap size (-Xmx/-Xms)
#   Decrease number of Java threads
#   Decrease Java thread stack sizes (-Xss)
#   Set larger code cache with -XX:ReservedCodeCacheSize=
# This output file may be truncated or incomplete.
#
#  Out of Memory Error (allocation.cpp:390), pid=23760, tid=23804
#
# JRE version: Java(TM) SE Runtime Environment (8.0_65-b17) (build 1.8.0_65-b17)
# Java VM: Java HotSpot(TM) 64-Bit Server VM (25.65-b01 mixed mode windows-amd64 compressed oops)
# Failed to write core dump. Minidumps are not enabled by default on client versions of Windows
#

---------------  T H R E A D  ---------------

Current thread (0x000000001646c800):  JavaThread "C2 CompilerThread1" daemon [_thread_in_native, id=23804, stack(0x0000000016dc0000,0x0000000016ec0000)]

Stack: [0x0000000016dc0000,0x0000000016ec0000]
[error occurred during error reporting (printing stack bounds), id 0xc0000005]

Native frames: (J=compiled Java code, j=interpreted, Vv=VM code, C=native code)


Current CompileTask:
C2:   1531 1469   !   4       java.net.URLClassLoader$1::run (63 bytes)


---------------  P R O C E S S  ---------------

Java Threads: ( => current thread )
  0x00000000184fb000 JavaThread "Stdin handler" [_thread_blocked, id=22864, stack(0x00000000195c0000,0x00000000196c0000)]
  0x000000001830b800 JavaThread "Daemon worker" [_thread_blocked, id=2204, stack(0x00000000194a0000,0x00000000195a0000)]
  0x0000000018482800 JavaThread "Cancel handler" [_thread_blocked, id=24276, stack(0x0000000019260000,0x0000000019360000)]
  0x00000000182db000 JavaThread "Handler for socket connection from /127.0.0.1:61835 to /127.0.0.1:61839" [_thread_in_native, id=20180, stack(0x0000000017dc0000,0x0000000017ec0000)]
  0x00000000182d8000 JavaThread "Daemon" [_thread_blocked, id=23228, stack(0x0000000016210000,0x0000000016310000)]
  0x00000000181de000 JavaThread "Incoming local TCP Connector on port 61835" [_thread_in_native, id=10072, stack(0x0000000016860000,0x0000000016960000)]
  0x00000000164f1000 JavaThread "Service Thread" daemon [_thread_blocked, id=24328, stack(0x0000000017110000,0x0000000017210000)]
  0x000000001646d800 JavaThread "C1 CompilerThread2" daemon [_thread_blocked, id=7628, stack(0x0000000016ed0000,0x0000000016fd0000)]
=>0x000000001646c800 JavaThread "C2 CompilerThread1" daemon [_thread_in_native, id=23804, stack(0x0000000016dc0000,0x0000000016ec0000)]
  0x000000001645c800 JavaThread "C2 CompilerThread0" daemon [_thread_in_native, id=20068, stack(0x0000000016c50000,0x0000000016d50000)]
  0x000000001645b000 JavaThread "Attach Listener" daemon [_thread_blocked, id=24644, stack(0x0000000016b00000,0x0000000016c00000)]
  0x000000001645a800 JavaThread "Signal Dispatcher" daemon [_thread_blocked, id=25540, stack(0x0000000016970000,0x0000000016a70000)]
  0x0000000014f68000 JavaThread "Finalizer" daemon [_thread_blocked, id=22564, stack(0x0000000016350000,0x0000000016450000)]
  0x0000000014f61000 JavaThread "Reference Handler" daemon [_thread_blocked, id=23992, stack(0x0000000016110000,0x0000000016210000)]
  0x000000000260f000 JavaThread "main" [_thread_blocked, id=3904, stack(0x0000000002620000,0x0000000002720000)]

Other Threads:
  0x0000000014f5b800 VMThread [stack: 0x0000000015fc0000,0x00000000160c0000] [id=24788]
  0x000000001652b000 WatcherThread [stack: 0x00000000172f0000,0x00000000173f0000] [id=24588]

VM state:at safepoint (normal execution)

VM Mutex/Monitor currently owned by a thread:  ([mutex/lock_event])
[0x000000000260d0c0] Threads_lock - owner thread: 0x0000000014f5b800
[0x000000000260d5c0] Heap_lock - owner thread: 0x000000001830b800

Heap:
 PSYoungGen      total 71680K, used 5104K [0x00000000eab00000, 0x00000000ef600000, 0x0000000100000000)
  eden space 66560K, 0% used [0x00000000eab00000,0x00000000eab00000,0x00000000eec00000)
  from space 5120K, 99% used [0x00000000eec00000,0x00000000ef0fc0e0,0x00000000ef100000)
  to   space 5120K, 0% used [0x00000000ef100000,0x00000000ef100000,0x00000000ef600000)
 ParOldGen       total 87552K, used 9054K [0x00000000c0000000, 0x00000000c5580000, 0x00000000eab00000)
  object space 87552K, 10% used [0x00000000c0000000,0x00000000c08d7830,0x00000000c5580000)
 Metaspace       used 20841K, capacity 21094K, committed 21296K, reserved 1067008K
  class space    used 2755K, capacity 2835K, committed 2944K, reserved 1048576K

Card table byte_map: [0x0000000011ae0000,0x0000000011cf0000] byte_map_base: 0x00000000114e0000

Marking Bits: (ParMarkBitMap*) 0x0000000051f5a5b0
 Begin Bits: [0x00000000123d0000, 0x00000000133d0000)
 End Bits:   [0x00000000133d0000, 0x00000000143d0000)

Polling page: 0x0000000000230000

CodeCache: size=245760Kb used=5291Kb max_used=5291Kb free=240468Kb
 bounds [0x0000000002720000, 0x0000000002c50000, 0x0000000011720000]
 total_blobs=2047 nmethods=1659 adapters=300
 compilation: enabled

Compilation events (10 events):
Event: 1.481 Thread 0x000000001646d800 1668       2       java.lang.StringBuilder::append (9 bytes)
Event: 1.481 Thread 0x000000001646d800 nmethod 1668 0x0000000002c4bed0 code [0x0000000002c4c040, 0x0000000002c4c1f8]
Event: 1.481 Thread 0x000000001646d800 1669       1       org.codehaus.groovy.ast.expr.MethodCallExpression::getMethod (5 bytes)
Event: 1.482 Thread 0x000000001646d800 nmethod 1669 0x0000000002c4c4d0 code [0x0000000002c4c620, 0x0000000002c4c730]
Event: 1.482 Thread 0x000000001646d800 1670       1       org.codehaus.groovy.ast.Parameter::getType (5 bytes)
Event: 1.482 Thread 0x000000001646d800 nmethod 1670 0x0000000002c4c790 code [0x0000000002c4c8e0, 0x0000000002c4c9f0]
Event: 1.482 Thread 0x000000001646d800 1671       1       org.codehaus.groovy.ast.MethodNode::getParameters (5 bytes)
Event: 1.482 Thread 0x000000001646d800 nmethod 1671 0x0000000002c4ca50 code [0x0000000002c4cba0, 0x0000000002c4ccb0]
Event: 1.482 Thread 0x000000001646d800 1672       1       org.codehaus.groovy.ast.MethodNode::getModifiers (5 bytes)
Event: 1.482 Thread 0x000000001646d800 nmethod 1672 0x0000000002c4cd10 code [0x0000000002c4ce60, 0x0000000002c4cf70]

GC Heap History (7 events):
Event: 0.454 GC heap before
{Heap before GC invocations=1 (full 0):
 PSYoungGen      total 38400K, used 33280K [0x00000000eab00000, 0x00000000ed580000, 0x0000000100000000)
  eden space 33280K, 100% used [0x00000000eab00000,0x00000000ecb80000,0x00000000ecb80000)
  from space 5120K, 0% used [0x00000000ed080000,0x00000000ed080000,0x00000000ed580000)
  to   space 5120K, 0% used [0x00000000ecb80000,0x00000000ecb80000,0x00000000ed080000)
 ParOldGen       total 87552K, used 0K [0x00000000c0000000, 0x00000000c5580000, 0x00000000eab00000)
  object space 87552K, 0% used [0x00000000c0000000,0x00000000c0000000,0x00000000c5580000)
 Metaspace       used 6843K, capacity 7020K, committed 7168K, reserved 1056768K
  class space    used 867K, capacity 932K, committed 1024K, reserved 1048576K
Event: 0.459 GC heap after
Heap after GC invocations=1 (full 0):
 PSYoungGen      total 38400K, used 4582K [0x00000000eab00000, 0x00000000ef600000, 0x0000000100000000)
  eden space 33280K, 0% used [0x00000000eab00000,0x00000000eab00000,0x00000000ecb80000)
  from space 5120K, 89% used [0x00000000ecb80000,0x00000000ecff9a40,0x00000000ed080000)
  to   space 5120K, 0% used [0x00000000ef100000,0x00000000ef100000,0x00000000ef600000)
 ParOldGen       total 87552K, used 16K [0x00000000c0000000, 0x00000000c5580000, 0x00000000eab00000)
  object space 87552K, 0% used [0x00000000c0000000,0x00000000c0004000,0x00000000c5580000)
 Metaspace       used 6843K, capacity 7020K, committed 7168K, reserved 1056768K
  class space    used 867K, capacity 932K, committed 1024K, reserved 1048576K
}
Event: 0.928 GC heap before
{Heap before GC invocations=2 (full 0):
 PSYoungGen      total 38400K, used 37862K [0x00000000eab00000, 0x00000000ef600000, 0x0000000100000000)
  eden space 33280K, 100% used [0x00000000eab00000,0x00000000ecb80000,0x00000000ecb80000)
  from space 5120K, 89% used [0x00000000ecb80000,0x00000000ecff9a40,0x00000000ed080000)
  to   space 5120K, 0% used [0x00000000ef100000,0x00000000ef100000,0x00000000ef600000)
 ParOldGen       total 87552K, used 16K [0x00000000c0000000, 0x00000000c5580000, 0x00000000eab00000)
  object space 87552K, 0% used [0x00000000c0000000,0x00000000c0004000,0x00000000c5580000)
 Metaspace       used 13288K, capacity 13594K, committed 13696K, reserved 1060864K
  class space    used 1751K, capacity 1873K, committed 1920K, reserved 1048576K
Event: 0.934 GC heap after
Heap after GC invocations=2 (full 0):
 PSYoungGen      total 71680K, used 5117K [0x00000000eab00000, 0x00000000ef600000, 0x0000000100000000)
  eden space 66560K, 0% used [0x00000000eab00000,0x00000000eab00000,0x00000000eec00000)
  from space 5120K, 99% used [0x00000000ef100000,0x00000000ef5ff658,0x00000000ef600000)
  to   space 5120K, 0% used [0x00000000eec00000,0x00000000eec00000,0x00000000ef100000)
 ParOldGen       total 87552K, used 2094K [0x00000000c0000000, 0x00000000c5580000, 0x00000000eab00000)
  object space 87552K, 2% used [0x00000000c0000000,0x00000000c020b8b8,0x00000000c5580000)
 Metaspace       used 13288K, capacity 13594K, committed 13696K, reserved 1060864K
  class space    used 1751K, capacity 1873K, committed 1920K, reserved 1048576K
}
Event: 1.484 GC heap before
{Heap before GC invocations=3 (full 0):
 PSYoungGen      total 71680K, used 56887K [0x00000000eab00000, 0x00000000ef600000, 0x0000000100000000)
  eden space 66560K, 77% used [0x00000000eab00000,0x00000000edd8e8e0,0x00000000eec00000)
  from space 5120K, 99% used [0x00000000ef100000,0x00000000ef5ff658,0x00000000ef600000)
  to   space 5120K, 0% used [0x00000000eec00000,0x00000000eec00000,0x00000000ef100000)
 ParOldGen       total 87552K, used 2094K [0x00000000c0000000, 0x00000000c5580000, 0x00000000eab00000)
  object space 87552K, 2% used [0x00000000c0000000,0x00000000c020b8b8,0x00000000c5580000)
 Metaspace       used 20841K, capacity 21094K, committed 21296K, reserved 1067008K
  class space    used 2755K, capacity 2835K, committed 2944K, reserved 1048576K
Event: 1.506 GC heap after
Heap after GC invocations=3 (full 0):
 PSYoungGen      total 71680K, used 5104K [0x00000000eab00000, 0x00000000ef600000, 0x0000000100000000)
  eden space 66560K, 0% used [0x00000000eab00000,0x00000000eab00000,0x00000000eec00000)
  from space 5120K, 99% used [0x00000000eec00000,0x00000000ef0fc0e0,0x00000000ef100000)
  to   space 5120K, 0% used [0x00000000ef100000,0x00000000ef100000,0x00000000ef600000)
 ParOldGen       total 87552K, used 9054K [0x00000000c0000000, 0x00000000c5580000, 0x00000000eab00000)
  object space 87552K, 10% used [0x00000000c0000000,0x00000000c08d7830,0x00000000c5580000)
 Metaspace       used 20841K, capacity 21094K, committed 21296K, reserved 1067008K
  class space    used 2755K, capacity 2835K, committed 2944K, reserved 1048576K
}
Event: 1.506 GC heap before
{Heap before GC invocations=4 (full 1):
 PSYoungGen      total 71680K, used 5104K [0x00000000eab00000, 0x00000000ef600000, 0x0000000100000000)
  eden space 66560K, 0% used [0x00000000eab00000,0x00000000eab00000,0x00000000eec00000)
  from space 5120K, 99% used [0x00000000eec00000,0x00000000ef0fc0e0,0x00000000ef100000)
  to   space 5120K, 0% used [0x00000000ef100000,0x00000000ef100000,0x00000000ef600000)
 ParOldGen       total 87552K, used 9054K [0x00000000c0000000, 0x00000000c5580000, 0x00000000eab00000)
  object space 87552K, 10% used [0x00000000c0000000,0x00000000c08d7830,0x00000000c5580000)
 Metaspace       used 20841K, capacity 21094K, committed 21296K, reserved 1067008K
  class space    used 2755K, capacity 2835K, committed 2944K, reserved 1048576K

Deoptimization events (10 events):
Event: 0.988 Thread 0x000000001830b800 Uncommon trap: reason=bimorphic action=maybe_recompile pc=0x0000000002af3d18 method=java.util.HashMap.putVal(ILjava/lang/Object;Ljava/lang/Object;ZZ)Ljava/lang/Object; @ 203
Event: 0.988 Thread 0x000000001830b800 Uncommon trap: reason=unstable_if action=reinterpret pc=0x00000000029ade68 method=java.util.HashMap.getNode(ILjava/lang/Object;)Ljava/util/HashMap$Node; @ 129
Event: 1.039 Thread 0x000000001830b800 Uncommon trap: reason=unstable_if action=reinterpret pc=0x0000000002b32244 method=java.util.HashMap.putVal(ILjava/lang/Object;Ljava/lang/Object;ZZ)Ljava/lang/Object; @ 206
Event: 1.152 Thread 0x000000001830b800 Uncommon trap: reason=class_check action=maybe_recompile pc=0x0000000002bac0a4 method=org.gradle.internal.service.DefaultServiceRegistry$SingletonService.getService(Lorg/gradle/internal/service/DefaultServiceRegistry$LookupContext;Lorg/gradle/internal/serv
Event: 1.152 Thread 0x000000001830b800 Uncommon trap: reason=class_check action=maybe_recompile pc=0x0000000002bac0a4 method=org.gradle.internal.service.DefaultServiceRegistry$SingletonService.getService(Lorg/gradle/internal/service/DefaultServiceRegistry$LookupContext;Lorg/gradle/internal/servð–µmò?
Event: 1.152 Thread 0x000000001830b800 Uncommon trap: reason=class_check action=maybe_recompile pc=0x0000000002bac0a4 method=org.gradle.internal.service.DefaultServiceRegistry$SingletonService.getService(Lorg/gradle/internal/service/DefaultServiceRegistry$LookupContext;Lorg/gradle/internal/servDaE×mò?
Event: 1.152 Thread 0x000000001830b800 Uncommon trap: reason=class_check action=maybe_recompile pc=0x0000000002bac0a4 method=org.gradle.internal.service.DefaultServiceRegistry$SingletonService.getService(Lorg/gradle/internal/service/DefaultServiceRegistry$LookupContext;Lorg/gradle/internal/serv÷vÀ		ó?
Event: 1.190 Thread 0x000000001830b800 Uncommon trap: reason=unstable_if action=reinterpret pc=0x0000000002a0be94 method=java.lang.AbstractStringBuilder.append(Ljava/lang/String;)Ljava/lang/AbstractStringBuilder; @ 1
Event: 1.190 Thread 0x000000001830b800 Uncommon trap: reason=unstable_if action=reinterpret pc=0x00000000029594c0 method=java.lang.AbstractStringBuilder.append(Ljava/lang/String;)Ljava/lang/AbstractStringBuilder; @ 1
Event: 1.398 Thread 0x000000001830b800 Uncommon trap: reason=unstable_if action=reinterpret pc=0x00000000029df9e0 method=java.util.LinkedHashMap.afterNodeInsertion(Z)V @ 1

Internal exceptions (10 events):
Event: 1.026 Thread 0x000000001830b800 Exception <a 'java/lang/ClassNotFoundException': java/lang/ObjectBeanInfo> (0x00000000eb0a6b10) thrown at [C:\workspace\8-2-build-windows-amd64-cygwin\jdk8u65\4987\hotspot\src\share\vm\classfile\systemDictionary.cpp, line 210]
Event: 1.026 Thread 0x000000001830b800 Exception <a 'java/lang/ClassNotFoundException': java/lang/ObjectCustomizer> (0x00000000eb0aba30) thrown at [C:\workspace\8-2-build-windows-amd64-cygwin\jdk8u65\4987\hotspot\src\share\vm\classfile\systemDictionary.cpp, line 210]
Event: 1.029 Thread 0x000000001830b800 Exception <a 'java/lang/ClassNotFoundException': groovy/lang/MetaClassImplCustomizer> (0x00000000eb0bdfe8) thrown at [C:\workspace\8-2-build-windows-amd64-cygwin\jdk8u65\4987\hotspot\src\share\vm\classfile\systemDictionary.cpp, line 210]
Event: 1.031 Thread 0x000000001830b800 Exception <a 'java/lang/ClassNotFoundException': groovy/lang/ExpandoMetaClassCustomizer> (0x00000000eb0f18c8) thrown at [C:\workspace\8-2-build-windows-amd64-cygwin\jdk8u65\4987\hotspot\src\share\vm\classfile\systemDictionary.cpp, line 210]
Event: 1.036 Thread 0x000000001830b800 Exception <a 'java/lang/ClassNotFoundException': org/gradle/api/internal/plugins/DefaultExtraPropertiesExtensionBeanInfo> (0x00000000eb171310) thrown at [C:\workspace\8-2-build-windows-amd64-cygwin\jdk8u65\4987\hotspot\src\share\vm\classfile\systemDictionaÐ/ÅÇ”ð?
Event: 1.036 Thread 0x000000001830b800 Exception <a 'java/lang/ClassNotFoundException': groovy/lang/GroovyObjectSupportBeanInfo> (0x00000000eb17cc68) thrown at [C:\workspace\8-2-build-windows-amd64-cygwin\jdk8u65\4987\hotspot\src\share\vm\classfile\systemDictionary.cpp, line 210]
Event: 1.036 Thread 0x000000001830b800 Exception <a 'java/lang/ClassNotFoundException': groovy/lang/GroovyObjectSupportCustomizer> (0x00000000eb188928) thrown at [C:\workspace\8-2-build-windows-amd64-cygwin\jdk8u65\4987\hotspot\src\share\vm\classfile\systemDictionary.cpp, line 210]
Event: 1.037 Thread 0x000000001830b800 Exception <a 'java/lang/ClassNotFoundException': org/gradle/api/internal/plugins/DefaultExtraPropertiesExtensionCustomizer> (0x00000000eb19e568) thrown at [C:\workspace\8-2-build-windows-amd64-cygwin\jdk8u65\4987\hotspot\src\share\vm\classfile\systemDictioØ…Èž
Event: 1.190 Thread 0x000000001830b800 Implicit null exception at 0x0000000002a0bb46 to 0x0000000002a0be7d
Event: 1.190 Thread 0x000000001830b800 Implicit null exception at 0x0000000002959186 to 0x00000000029594a9

Events (10 events):
Event: 1.482 loading class org/codehaus/groovy/classgen/asm/MopWriter$MopKey
Event: 1.482 loading class org/codehaus/groovy/classgen/asm/MopWriter$MopKey done
Event: 1.483 loading class org/codehaus/groovy/tools/GroovyClass
Event: 1.483 loading class org/codehaus/groovy/tools/GroovyClass done
Event: 1.483 loading class groovy/lang/GroovyClassLoader$4
Event: 1.483 loading class groovy/lang/GroovyClassLoader$4 done
Event: 1.483 loading class java/security/PermissionsEnumerator
Event: 1.484 loading class java/security/PermissionsEnumerator done
Event: 1.484 loading class java/util/Collections$3
Event: 1.484 Executing VM operation: CollectForMetadataAllocation


Dynamic libraries:
0x000000013f910000 - 0x000000013f947000 	D:\Program Files\Java\jdk1.8.0_65\bin\java.exe
0x0000000076d90000 - 0x0000000076f39000 	C:\windows\SYSTEM32\ntdll.dll
0x0000000076c70000 - 0x0000000076d8f000 	C:\windows\system32\kernel32.dll
0x000007fefcff0000 - 0x000007fefd05c000 	C:\windows\system32\KERNELBASE.dll
0x000007fefeb60000 - 0x000007fefec3b000 	C:\windows\system32\ADVAPI32.dll
0x000007fefd100000 - 0x000007fefd19f000 	C:\windows\system32\msvcrt.dll
0x000007fefd270000 - 0x000007fefd28f000 	C:\windows\SYSTEM32\sechost.dll
0x000007fefea30000 - 0x000007fefeb5d000 	C:\windows\system32\RPCRT4.dll
0x0000000076b70000 - 0x0000000076c6a000 	C:\windows\system32\USER32.dll
0x000007fefd570000 - 0x000007fefd5d7000 	C:\windows\system32\GDI32.dll
0x000007fefd5e0000 - 0x000007fefd5ee000 	C:\windows\system32\LPK.dll
0x000007fefd1a0000 - 0x000007fefd269000 	C:\windows\system32\USP10.dll
0x000007fefb710000 - 0x000007fefb904000 	C:\windows\WinSxS\amd64_microsoft.windows.common-controls_6595b64144ccf1df_6.0.7601.18837_none_fa3b1e3d17594757\COMCTL32.dll
0x000007fefd5f0000 - 0x000007fefd661000 	C:\windows\system32\SHLWAPI.dll
0x000007fefe660000 - 0x000007fefe68e000 	C:\windows\system32\IMM32.DLL
0x000007fefd460000 - 0x000007fefd569000 	C:\windows\system32\MSCTF.dll
0x0000000073e50000 - 0x0000000073f22000 	D:\Program Files\Java\jdk1.8.0_65\jre\bin\msvcr100.dll
0x0000000051750000 - 0x0000000051fd9000 	D:\Program Files\Java\jdk1.8.0_65\jre\bin\server\jvm.dll
0x000007fef7890000 - 0x000007fef7899000 	C:\windows\system32\WSOCK32.dll
0x000007feff050000 - 0x000007feff09d000 	C:\windows\system32\WS2_32.dll
0x000007fefed40000 - 0x000007fefed48000 	C:\windows\system32\NSI.dll
0x000007fefa000000 - 0x000007fefa03b000 	C:\windows\system32\WINMM.dll
0x000007fefbdd0000 - 0x000007fefbddc000 	C:\windows\system32\VERSION.dll
0x0000000076f60000 - 0x0000000076f67000 	C:\windows\system32\PSAPI.DLL
0x0000000074170000 - 0x000000007417f000 	D:\Program Files\Java\jdk1.8.0_65\jre\bin\verify.dll
0x0000000073080000 - 0x00000000730a9000 	D:\Program Files\Java\jdk1.8.0_65\jre\bin\java.dll
0x0000000074150000 - 0x0000000074166000 	D:\Program Files\Java\jdk1.8.0_65\jre\bin\zip.dll
0x000007fefd670000 - 0x000007fefe3f9000 	C:\windows\system32\SHELL32.dll
0x000007fefe820000 - 0x000007fefea23000 	C:\windows\system32\ole32.dll
0x000007fefcc90000 - 0x000007fefcc9f000 	C:\windows\system32\profapi.dll
0x00000000740f0000 - 0x000000007410a000 	D:\Program Files\Java\jdk1.8.0_65\jre\bin\net.dll
0x000007fefc4c0000 - 0x000007fefc515000 	C:\windows\system32\mswsock.dll
0x000007fefc4b0000 - 0x000007fefc4b7000 	C:\windows\System32\wship6.dll
0x000000005ffb0000 - 0x000000005ffc1000 	D:\Program Files\Java\jdk1.8.0_65\jre\bin\nio.dll
0x000007fef7770000 - 0x000007fef7782000 	C:\Users\admin\.gradle\native\19\windows-amd64\native-platform.dll
0x000007fefa820000 - 0x000007fefa847000 	C:\windows\system32\IPHLPAPI.DLL
0x000007fefa810000 - 0x000007fefa81b000 	C:\windows\system32\WINNSI.DLL
0x000007fefa620000 - 0x000007fefa631000 	C:\windows\system32\dhcpcsvc6.DLL
0x000007fefa6a0000 - 0x000007fefa6b8000 	C:\windows\system32\dhcpcsvc.DLL
0x000007fefc520000 - 0x000007fefc538000 	C:\windows\system32\CRYPTSP.dll
0x000007fefc220000 - 0x000007fefc267000 	C:\windows\system32\rsaenh.dll
0x000007fefbfd0000 - 0x000007fefbfee000 	C:\windows\system32\USERENV.dll
0x000007fefcbc0000 - 0x000007fefcbcf000 	C:\windows\system32\CRYPTBASE.dll

VM Arguments:
jvm_args: -XX:MaxPermSize=256m -XX:+HeapDumpOnOutOfMemoryError -Xmx1024m -Dfile.encoding=GBK -Duser.country=CN -Duser.language=zh -Duser.variant 
java_command: org.gradle.launcher.daemon.bootstrap.GradleDaemon 2.8
java_class_path (initial): D:\Program Files\Android\Android Studio\gradle\gradle-2.8\lib\gradle-launcher-2.8.jar
Launcher Type: SUN_STANDARD

Environment Variables:
JAVA_HOME=D:\Program Files\Java\jdk1.8.0_65
CLASSPATH=.;D:\Program Files\Java\jdk1.8.0_65\lib;D:\Program Files\Java\jdk1.8.0_65\lib\tools.jar
PATH=C:\windows\system32;C:\windows;C:\windows\System32\Wbem;C:\windows\System32\WindowsPowerShell\v1.0\;C:\Program Files (x86)\Common Files\microsoft shared\TigerKin;C:\Program Files (x86)\NVIDIA Corporation\PhysX\Common;C:\Program Files (x86)\Common Files\microsoft shared\TigerKin;D:\Program Files\Java\jdk1.8.0_65\bin;D:\Program Files\Java\jdk1.8.0_65\jre\bin
USERNAME=admin
OS=Windows_NT
PROCESSOR_IDENTIFIER=Intel64 Family 6 Model 60 Stepping 3, GenuineIntel



---------------  S Y S T E M  ---------------

OS: Windows 7 , 64 bit Build 7601 (6.1.7601.18933)

CPU:total 4 (4 cores per cpu, 1 threads per core) family 6 model 60 stepping 3, cmov, cx8, fxsr, mmx, sse, sse2, sse3, ssse3, sse4.1, sse4.2, popcnt, avx, avx2, aes, clmul, erms, lzcnt, tsc, tscinvbit, bmi1, bmi2

Memory: 4k page, physical 8353940k(477084k free), swap 10449252k(5704k free)

vm_info: Java HotSpot(TM) 64-Bit Server VM (25.65-b01) for windows-amd64 JRE (1.8.0_65-b17), built on Oct  6 2015 16:39:20 by "java_re" with MS VC++ 10.0 (VS2010)

time: Sat Dec 12 14:06:32 2015
elapsed time: 1 seconds (0d 0h 0m 1s)

