#
# There is insufficient memory for the Java Runtime Environment to continue.
# Native memory allocation (malloc) failed to allocate 32744 bytes for ChunkPool::allocate
# Possible reasons:
#   The system is out of physical RAM or swap space
#   In 32 bit mode, the process size limit was hit
# Possible solutions:
#   Reduce memory load on the system
#   Increase physical memory or swap space
#   Check if swap backing store is full
#   Use 64 bit Java on a 64 bit OS
#   Decrease Java heap size (-Xmx/-Xms)
#   Decrease number of Java threads
#   Decrease Java thread stack sizes (-Xss)
#   Set larger code cache with -XX:ReservedCodeCacheSize=
# This output file may be truncated or incomplete.
#
#  Out of Memory Error (allocation.cpp:273), pid=8972, tid=25480
#
# JRE version: Java(TM) SE Runtime Environment (8.0_65-b17) (build 1.8.0_65-b17)
# Java VM: Java HotSpot(TM) 64-Bit Server VM (25.65-b01 mixed mode windows-amd64 compressed oops)
# Failed to write core dump. Minidumps are not enabled by default on client versions of Windows
#

---------------  T H R E A D  ---------------

Current thread (0x000000001656b800):  JavaThread "C2 CompilerThread0" daemon [_thread_in_native, id=25480, stack(0x0000000016b90000,0x0000000016c90000)]

Stack: [0x0000000016b90000,0x0000000016c90000]
[error occurred during error reporting (printing stack bounds), id 0xc0000005]

Native frames: (J=compiled Java code, j=interpreted, Vv=VM code, C=native code)


Current CompileTask:
C2:   1378 1402   !   4       java.net.URLClassLoader$1::run (63 bytes)


---------------  P R O C E S S  ---------------

Java Threads: ( => current thread )
  0x00000000180a3000 JavaThread "Stdin handler" [_thread_blocked, id=16748, stack(0x0000000019890000,0x0000000019990000)]
  0x00000000182d5800 JavaThread "Daemon worker" [_thread_blocked, id=23724, stack(0x0000000019690000,0x0000000019790000)]
  0x0000000018301000 JavaThread "Cancel handler" [_thread_blocked, id=19000, stack(0x0000000019520000,0x0000000019620000)]
  0x0000000018046800 JavaThread "Handler for socket connection from /127.0.0.1:61885 to /127.0.0.1:61886" [_thread_in_native, id=8184, stack(0x0000000019310000,0x0000000019410000)]
  0x0000000018044000 JavaThread "Daemon" [_thread_blocked, id=24912, stack(0x0000000019080000,0x0000000019180000)]
  0x000000001806e000 JavaThread "Incoming local TCP Connector on port 61885" [_thread_in_native, id=4852, stack(0x0000000017b40000,0x0000000017c40000)]
  0x00000000165e7800 JavaThread "Service Thread" daemon [_thread_blocked, id=23836, stack(0x0000000016ce0000,0x0000000016de0000)]
  0x0000000016584000 JavaThread "C1 CompilerThread2" daemon [_thread_blocked, id=11844, stack(0x0000000016fc0000,0x00000000170c0000)]
  0x000000001505e800 JavaThread "C2 CompilerThread1" daemon [_thread_in_native, id=9800, stack(0x0000000016e20000,0x0000000016f20000)]
=>0x000000001656b800 JavaThread "C2 CompilerThread0" daemon [_thread_in_native, id=25480, stack(0x0000000016b90000,0x0000000016c90000)]
  0x000000001655b800 JavaThread "Attach Listener" daemon [_thread_blocked, id=25396, stack(0x00000000169e0000,0x0000000016ae0000)]
  0x000000001655a800 JavaThread "Signal Dispatcher" daemon [_thread_blocked, id=25236, stack(0x0000000016270000,0x0000000016370000)]
  0x0000000014ff7800 JavaThread "Finalizer" daemon [_thread_blocked, id=25016, stack(0x0000000016450000,0x0000000016550000)]
  0x0000000014ff1000 JavaThread "Reference Handler" daemon [_thread_blocked, id=24764, stack(0x0000000016160000,0x0000000016260000)]
  0x000000000247f000 JavaThread "main" [_thread_blocked, id=6172, stack(0x00000000026b0000,0x00000000027b0000)]

Other Threads:
  0x0000000014feb800 VMThread [stack: 0x0000000015fc0000,0x00000000160c0000] [id=4292]
  0x0000000016619800 WatcherThread [stack: 0x00000000171f0000,0x00000000172f0000] [id=23588]

VM state:at safepoint (normal execution)

VM Mutex/Monitor currently owned by a thread:  ([mutex/lock_event])
[0x000000000247d0c0] Threads_lock - owner thread: 0x0000000014feb800
[0x000000000247d5c0] Heap_lock - owner thread: 0x00000000182d5800

Heap:
 PSYoungGen      total 71680K, used 56670K [0x00000000eab00000, 0x00000000ef600000, 0x0000000100000000)
  eden space 66560K, 77% used [0x00000000eab00000,0x00000000edd5c2d8,0x00000000eec00000)
  from space 5120K, 99% used [0x00000000ef100000,0x00000000ef5fb688,0x00000000ef600000)
  to   space 5120K, 99% used [0x00000000eec00000,0x00000000ef0f8130,0x00000000ef100000)
 ParOldGen       total 87552K, used 8718K [0x00000000c0000000, 0x00000000c5580000, 0x00000000eab00000)
  object space 87552K, 9% used [0x00000000c0000000,0x00000000c0883bc0,0x00000000c5580000)
 Metaspace       used 20793K, capacity 21094K, committed 21296K, reserved 1067008K
  class space    used 2750K, capacity 2835K, committed 2944K, reserved 1048576K

Card table byte_map: [0x0000000011b70000,0x0000000011d80000] byte_map_base: 0x0000000011570000

Marking Bits: (ParMarkBitMap*) 0x0000000051f5a5b0
 Begin Bits: [0x0000000012460000, 0x0000000013460000)
 End Bits:   [0x0000000013460000, 0x0000000014460000)

Polling page: 0x0000000000440000

CodeCache: size=245760Kb used=5222Kb max_used=5222Kb free=240537Kb
 bounds [0x00000000027b0000, 0x0000000002cd0000, 0x00000000117b0000]
 total_blobs=2013 nmethods=1626 adapters=299
 compilation: enabled

Compilation events (10 events):
Event: 1.349 Thread 0x0000000016584000 1641 %     3       org.codehaus.groovy.ast.ClassHelper::make @ 2 (58 bytes)
Event: 1.349 Thread 0x0000000016584000 nmethod 1641% 0x0000000002cca0d0 code [0x0000000002cca2a0, 0x0000000002cca828]
Event: 1.349 Thread 0x0000000016584000 1638       2       org.codehaus.groovy.vmplugin.v5.Java5::configureTypeVariable (39 bytes)
Event: 1.349 Thread 0x0000000016584000 nmethod 1638 0x0000000002ccaa90 code [0x0000000002ccac00, 0x0000000002ccaf48]
Event: 1.349 Thread 0x0000000016584000 1639       2       sun.reflect.generics.parser.SignatureParser::parseTypeSignature (130 bytes)
Event: 1.350 Thread 0x0000000016584000 nmethod 1639 0x0000000002ccb110 code [0x0000000002ccb280, 0x0000000002ccb488]
Event: 1.350 Thread 0x0000000016584000 1640       1       sun.reflect.generics.reflectiveObjects.TypeVariableImpl::getName (5 bytes)
Event: 1.350 Thread 0x0000000016584000 nmethod 1640 0x0000000002ccb550 code [0x0000000002ccb6a0, 0x0000000002ccb7b0]
Event: 1.350 Thread 0x0000000016584000 1637       1       java.lang.Class::getAnnotationType (5 bytes)
Event: 1.350 Thread 0x0000000016584000 nmethod 1637 0x0000000002ccb810 code [0x0000000002ccb960, 0x0000000002ccba70]

GC Heap History (5 events):
Event: 0.416 GC heap before
{Heap before GC invocations=1 (full 0):
 PSYoungGen      total 38400K, used 33280K [0x00000000eab00000, 0x00000000ed580000, 0x0000000100000000)
  eden space 33280K, 100% used [0x00000000eab00000,0x00000000ecb80000,0x00000000ecb80000)
  from space 5120K, 0% used [0x00000000ed080000,0x00000000ed080000,0x00000000ed580000)
  to   space 5120K, 0% used [0x00000000ecb80000,0x00000000ecb80000,0x00000000ed080000)
 ParOldGen       total 87552K, used 0K [0x00000000c0000000, 0x00000000c5580000, 0x00000000eab00000)
  object space 87552K, 0% used [0x00000000c0000000,0x00000000c0000000,0x00000000c5580000)
 Metaspace       used 6843K, capacity 7020K, committed 7168K, reserved 1056768K
  class space    used 867K, capacity 932K, committed 1024K, reserved 1048576K
Event: 0.420 GC heap after
Heap after GC invocations=1 (full 0):
 PSYoungGen      total 38400K, used 4647K [0x00000000eab00000, 0x00000000ef600000, 0x0000000100000000)
  eden space 33280K, 0% used [0x00000000eab00000,0x00000000eab00000,0x00000000ecb80000)
  from space 5120K, 90% used [0x00000000ecb80000,0x00000000ed009d80,0x00000000ed080000)
  to   space 5120K, 0% used [0x00000000ef100000,0x00000000ef100000,0x00000000ef600000)
 ParOldGen       total 87552K, used 8K [0x00000000c0000000, 0x00000000c5580000, 0x00000000eab00000)
  object space 87552K, 0% used [0x00000000c0000000,0x00000000c0002000,0x00000000c5580000)
 Metaspace       used 6843K, capacity 7020K, committed 7168K, reserved 1056768K
  class space    used 867K, capacity 932K, committed 1024K, reserved 1048576K
}
Event: 0.848 GC heap before
{Heap before GC invocations=2 (full 0):
 PSYoungGen      total 38400K, used 37927K [0x00000000eab00000, 0x00000000ef600000, 0x0000000100000000)
  eden space 33280K, 100% used [0x00000000eab00000,0x00000000ecb80000,0x00000000ecb80000)
  from space 5120K, 90% used [0x00000000ecb80000,0x00000000ed009d80,0x00000000ed080000)
  to   space 5120K, 0% used [0x00000000ef100000,0x00000000ef100000,0x00000000ef600000)
 ParOldGen       total 87552K, used 8K [0x00000000c0000000, 0x00000000c5580000, 0x00000000eab00000)
  object space 87552K, 0% used [0x00000000c0000000,0x00000000c0002000,0x00000000c5580000)
 Metaspace       used 13289K, capacity 13594K, committed 13696K, reserved 1060864K
  class space    used 1751K, capacity 1873K, committed 1920K, reserved 1048576K
Event: 0.856 GC heap after
Heap after GC invocations=2 (full 0):
 PSYoungGen      total 71680K, used 5101K [0x00000000eab00000, 0x00000000ef600000, 0x0000000100000000)
  eden space 66560K, 0% used [0x00000000eab00000,0x00000000eab00000,0x00000000eec00000)
  from space 5120K, 99% used [0x00000000ef100000,0x00000000ef5fb688,0x00000000ef600000)
  to   space 5120K, 0% used [0x00000000eec00000,0x00000000eec00000,0x00000000ef100000)
 ParOldGen       total 87552K, used 2100K [0x00000000c0000000, 0x00000000c5580000, 0x00000000eab00000)
  object space 87552K, 2% used [0x00000000c0000000,0x00000000c020d0d8,0x00000000c5580000)
 Metaspace       used 13289K, capacity 13594K, committed 13696K, reserved 1060864K
  class space    used 1751K, capacity 1873K, committed 1920K, reserved 1048576K
}
Event: 1.360 GC heap before
{Heap before GC invocations=3 (full 0):
 PSYoungGen      total 71680K, used 56670K [0x00000000eab00000, 0x00000000ef600000, 0x0000000100000000)
  eden space 66560K, 77% used [0x00000000eab00000,0x00000000edd5c2d8,0x00000000eec00000)
  from space 5120K, 99% used [0x00000000ef100000,0x00000000ef5fb688,0x00000000ef600000)
  to   space 5120K, 0% used [0x00000000eec00000,0x00000000eec00000,0x00000000ef100000)
 ParOldGen       total 87552K, used 2100K [0x00000000c0000000, 0x00000000c5580000, 0x00000000eab00000)
  object space 87552K, 2% used [0x00000000c0000000,0x00000000c020d0d8,0x00000000c5580000)
 Metaspace       used 20793K, capacity 21094K, committed 21296K, reserved 1067008K
  class space    used 2750K, capacity 2835K, committed 2944K, reserved 1048576K

Deoptimization events (10 events):
Event: 0.932 Thread 0x00000000182d5800 Uncommon trap: reason=bimorphic action=maybe_recompile pc=0x0000000002b89610 method=java.util.HashMap.putVal(ILjava/lang/Object;Ljava/lang/Object;ZZ)Ljava/lang/Object; @ 203
Event: 0.933 Thread 0x00000000182d5800 Uncommon trap: reason=unstable_if action=reinterpret pc=0x0000000002a3afa8 method=java.util.HashMap.getNode(ILjava/lang/Object;)Ljava/util/HashMap$Node; @ 129
Event: 0.933 Thread 0x00000000182d5800 Uncommon trap: reason=unstable_if action=reinterpret pc=0x0000000002bafdf0 method=java.util.HashMap.putVal(ILjava/lang/Object;Ljava/lang/Object;ZZ)Ljava/lang/Object; @ 206
Event: 1.049 Thread 0x00000000182d5800 Uncommon trap: reason=class_check action=maybe_recompile pc=0x0000000002c2ef64 method=org.gradle.internal.service.DefaultServiceRegistry$SingletonService.getService(Lorg/gradle/internal/service/DefaultServiceRegistry$LookupContext;Lorg/gradle/internal/serv
Event: 1.049 Thread 0x00000000182d5800 Uncommon trap: reason=class_check action=maybe_recompile pc=0x0000000002c2ef64 method=org.gradle.internal.service.DefaultServiceRegistry$SingletonService.getService(Lorg/gradle/internal/service/DefaultServiceRegistry$LookupContext;Lorg/gradle/internal/servÚëÁŽžÉð?
Event: 1.049 Thread 0x00000000182d5800 Uncommon trap: reason=class_check action=maybe_recompile pc=0x0000000002c2ef64 method=org.gradle.internal.service.DefaultServiceRegistry$SingletonService.getService(Lorg/gradle/internal/service/DefaultServiceRegistry$LookupContext;Lorg/gradle/internal/serv¹RÐF«Éð?
Event: 1.049 Thread 0x00000000182d5800 Uncommon trap: reason=class_check action=maybe_recompile pc=0x0000000002c2ef64 method=org.gradle.internal.service.DefaultServiceRegistry$SingletonService.getService(Lorg/gradle/internal/service/DefaultServiceRegistry$LookupContext;Lorg/gradle/internal/servGJôˆñ?
Event: 1.096 Thread 0x00000000182d5800 Uncommon trap: reason=unstable_if action=reinterpret pc=0x0000000002a98a68 method=java.lang.AbstractStringBuilder.append(Ljava/lang/String;)Ljava/lang/AbstractStringBuilder; @ 1
Event: 1.096 Thread 0x00000000182d5800 Uncommon trap: reason=unstable_if action=reinterpret pc=0x00000000029e73c0 method=java.lang.AbstractStringBuilder.append(Ljava/lang/String;)Ljava/lang/AbstractStringBuilder; @ 1
Event: 1.287 Thread 0x00000000182d5800 Uncommon trap: reason=unstable_if action=reinterpret pc=0x0000000002a664e0 method=java.util.LinkedHashMap.afterNodeInsertion(Z)V @ 1

Internal exceptions (10 events):
Event: 0.917 Thread 0x00000000182d5800 Exception <a 'java/lang/ClassNotFoundException': java/lang/ObjectBeanInfo> (0x00000000eb096b30) thrown at [C:\workspace\8-2-build-windows-amd64-cygwin\jdk8u65\4987\hotspot\src\share\vm\classfile\systemDictionary.cpp, line 210]
Event: 0.917 Thread 0x00000000182d5800 Exception <a 'java/lang/ClassNotFoundException': java/lang/ObjectCustomizer> (0x00000000eb09ba50) thrown at [C:\workspace\8-2-build-windows-amd64-cygwin\jdk8u65\4987\hotspot\src\share\vm\classfile\systemDictionary.cpp, line 210]
Event: 0.920 Thread 0x00000000182d5800 Exception <a 'java/lang/ClassNotFoundException': groovy/lang/MetaClassImplCustomizer> (0x00000000eb0ae008) thrown at [C:\workspace\8-2-build-windows-amd64-cygwin\jdk8u65\4987\hotspot\src\share\vm\classfile\systemDictionary.cpp, line 210]
Event: 0.921 Thread 0x00000000182d5800 Exception <a 'java/lang/ClassNotFoundException': groovy/lang/ExpandoMetaClassCustomizer> (0x00000000eb0e19e0) thrown at [C:\workspace\8-2-build-windows-amd64-cygwin\jdk8u65\4987\hotspot\src\share\vm\classfile\systemDictionary.cpp, line 210]
Event: 0.928 Thread 0x00000000182d5800 Exception <a 'java/lang/ClassNotFoundException': org/gradle/api/internal/plugins/DefaultExtraPropertiesExtensionBeanInfo> (0x00000000eb161548) thrown at [C:\workspace\8-2-build-windows-amd64-cygwin\jdk8u65\4987\hotspot\src\share\vm\classfile\systemDictionaW/´ÃT´í?
Event: 0.928 Thread 0x00000000182d5800 Exception <a 'java/lang/ClassNotFoundException': groovy/lang/GroovyObjectSupportBeanInfo> (0x00000000eb16cea0) thrown at [C:\workspace\8-2-build-windows-amd64-cygwin\jdk8u65\4987\hotspot\src\share\vm\classfile\systemDictionary.cpp, line 210]
Event: 0.928 Thread 0x00000000182d5800 Exception <a 'java/lang/ClassNotFoundException': groovy/lang/GroovyObjectSupportCustomizer> (0x00000000eb178b60) thrown at [C:\workspace\8-2-build-windows-amd64-cygwin\jdk8u65\4987\hotspot\src\share\vm\classfile\systemDictionary.cpp, line 210]
Event: 0.929 Thread 0x00000000182d5800 Exception <a 'java/lang/ClassNotFoundException': org/gradle/api/internal/plugins/DefaultExtraPropertiesExtensionCustomizer> (0x00000000eb18e7a0) thrown at [C:\workspace\8-2-build-windows-amd64-cygwin\jdk8u65\4987\hotspot\src\share\vm\classfile\systemDictioµ•ù‡ñ?
Event: 1.096 Thread 0x00000000182d5800 Implicit null exception at 0x0000000002a98704 to 0x0000000002a98a51
Event: 1.096 Thread 0x00000000182d5800 Implicit null exception at 0x00000000029e7086 to 0x00000000029e73a9

Events (10 events):
Event: 1.358 loading class org/codehaus/groovy/classgen/asm/StatementMetaTypeChooser done
Event: 1.358 loading class org/codehaus/groovy/classgen/asm/OptimizingStatementWriter$OptVisitor
Event: 1.358 loading class org/codehaus/groovy/classgen/asm/OptimizingStatementWriter$OptVisitor done
Event: 1.359 loading class org/codehaus/groovy/classgen/asm/OptimizingStatementWriter$OptimizeFlagsCollector
Event: 1.359 loading class org/codehaus/groovy/classgen/asm/OptimizingStatementWriter$OptimizeFlagsCollector done
Event: 1.359 loading class org/codehaus/groovy/classgen/asm/OptimizingStatementWriter$OptimizeFlagsCollector$OptimizeFlagsEntry
Event: 1.359 loading class org/codehaus/groovy/classgen/asm/OptimizingStatementWriter$OptimizeFlagsCollector$OptimizeFlagsEntry done
Event: 1.359 loading class org/codehaus/groovy/classgen/asm/OptimizingStatementWriter$StatementMeta
Event: 1.360 loading class org/codehaus/groovy/classgen/asm/OptimizingStatementWriter$StatementMeta done
Event: 1.360 Executing VM operation: CollectForMetadataAllocation


Dynamic libraries:
0x000000013fa50000 - 0x000000013fa87000 	D:\Program Files\Java\jdk1.8.0_65\bin\java.exe
0x0000000076d90000 - 0x0000000076f39000 	C:\windows\SYSTEM32\ntdll.dll
0x0000000076c70000 - 0x0000000076d8f000 	C:\windows\system32\kernel32.dll
0x000007fefcff0000 - 0x000007fefd05c000 	C:\windows\system32\KERNELBASE.dll
0x000007fefeb60000 - 0x000007fefec3b000 	C:\windows\system32\ADVAPI32.dll
0x000007fefd100000 - 0x000007fefd19f000 	C:\windows\system32\msvcrt.dll
0x000007fefd270000 - 0x000007fefd28f000 	C:\windows\SYSTEM32\sechost.dll
0x000007fefea30000 - 0x000007fefeb5d000 	C:\windows\system32\RPCRT4.dll
0x0000000076b70000 - 0x0000000076c6a000 	C:\windows\system32\USER32.dll
0x000007fefd570000 - 0x000007fefd5d7000 	C:\windows\system32\GDI32.dll
0x000007fefd5e0000 - 0x000007fefd5ee000 	C:\windows\system32\LPK.dll
0x000007fefd1a0000 - 0x000007fefd269000 	C:\windows\system32\USP10.dll
0x000007fefb710000 - 0x000007fefb904000 	C:\windows\WinSxS\amd64_microsoft.windows.common-controls_6595b64144ccf1df_6.0.7601.18837_none_fa3b1e3d17594757\COMCTL32.dll
0x000007fefd5f0000 - 0x000007fefd661000 	C:\windows\system32\SHLWAPI.dll
0x000007fefe660000 - 0x000007fefe68e000 	C:\windows\system32\IMM32.DLL
0x000007fefd460000 - 0x000007fefd569000 	C:\windows\system32\MSCTF.dll
0x0000000073e50000 - 0x0000000073f22000 	D:\Program Files\Java\jdk1.8.0_65\jre\bin\msvcr100.dll
0x0000000051750000 - 0x0000000051fd9000 	D:\Program Files\Java\jdk1.8.0_65\jre\bin\server\jvm.dll
0x000007fef7890000 - 0x000007fef7899000 	C:\windows\system32\WSOCK32.dll
0x000007feff050000 - 0x000007feff09d000 	C:\windows\system32\WS2_32.dll
0x000007fefed40000 - 0x000007fefed48000 	C:\windows\system32\NSI.dll
0x000007fefa000000 - 0x000007fefa03b000 	C:\windows\system32\WINMM.dll
0x000007fefbdd0000 - 0x000007fefbddc000 	C:\windows\system32\VERSION.dll
0x0000000076f60000 - 0x0000000076f67000 	C:\windows\system32\PSAPI.DLL
0x0000000074170000 - 0x000000007417f000 	D:\Program Files\Java\jdk1.8.0_65\jre\bin\verify.dll
0x0000000073080000 - 0x00000000730a9000 	D:\Program Files\Java\jdk1.8.0_65\jre\bin\java.dll
0x0000000074150000 - 0x0000000074166000 	D:\Program Files\Java\jdk1.8.0_65\jre\bin\zip.dll
0x000007fefd670000 - 0x000007fefe3f9000 	C:\windows\system32\SHELL32.dll
0x000007fefe820000 - 0x000007fefea23000 	C:\windows\system32\ole32.dll
0x000007fefcc90000 - 0x000007fefcc9f000 	C:\windows\system32\profapi.dll
0x00000000740f0000 - 0x000000007410a000 	D:\Program Files\Java\jdk1.8.0_65\jre\bin\net.dll
0x000007fefc4c0000 - 0x000007fefc515000 	C:\windows\system32\mswsock.dll
0x000007fefc4b0000 - 0x000007fefc4b7000 	C:\windows\System32\wship6.dll
0x000000005ffb0000 - 0x000000005ffc1000 	D:\Program Files\Java\jdk1.8.0_65\jre\bin\nio.dll
0x000007fef7770000 - 0x000007fef7782000 	C:\Users\admin\.gradle\native\19\windows-amd64\native-platform.dll
0x000007fefa820000 - 0x000007fefa847000 	C:\windows\system32\IPHLPAPI.DLL
0x000007fefa810000 - 0x000007fefa81b000 	C:\windows\system32\WINNSI.DLL
0x000007fefa620000 - 0x000007fefa631000 	C:\windows\system32\dhcpcsvc6.DLL
0x000007fefa6a0000 - 0x000007fefa6b8000 	C:\windows\system32\dhcpcsvc.DLL
0x000007fefc520000 - 0x000007fefc538000 	C:\windows\system32\CRYPTSP.dll
0x000007fefc220000 - 0x000007fefc267000 	C:\windows\system32\rsaenh.dll
0x000007fefbfd0000 - 0x000007fefbfee000 	C:\windows\system32\USERENV.dll
0x000007fefcbc0000 - 0x000007fefcbcf000 	C:\windows\system32\CRYPTBASE.dll

VM Arguments:
jvm_args: -XX:MaxPermSize=256m -XX:+HeapDumpOnOutOfMemoryError -Xmx1024m -Dfile.encoding=GBK -Duser.country=CN -Duser.language=zh -Duser.variant 
java_command: org.gradle.launcher.daemon.bootstrap.GradleDaemon 2.8
java_class_path (initial): D:\Program Files\Android\Android Studio\gradle\gradle-2.8\lib\gradle-launcher-2.8.jar
Launcher Type: SUN_STANDARD

Environment Variables:
JAVA_HOME=D:\Program Files\Java\jdk1.8.0_65
CLASSPATH=.;D:\Program Files\Java\jdk1.8.0_65\lib;D:\Program Files\Java\jdk1.8.0_65\lib\tools.jar
PATH=C:\windows\system32;C:\windows;C:\windows\System32\Wbem;C:\windows\System32\WindowsPowerShell\v1.0\;C:\Program Files (x86)\Common Files\microsoft shared\TigerKin;C:\Program Files (x86)\NVIDIA Corporation\PhysX\Common;C:\Program Files (x86)\Common Files\microsoft shared\TigerKin;D:\Program Files\Java\jdk1.8.0_65\bin;D:\Program Files\Java\jdk1.8.0_65\jre\bin
USERNAME=admin
OS=Windows_NT
PROCESSOR_IDENTIFIER=Intel64 Family 6 Model 60 Stepping 3, GenuineIntel



---------------  S Y S T E M  ---------------

OS: Windows 7 , 64 bit Build 7601 (6.1.7601.18933)

CPU:total 4 (4 cores per cpu, 1 threads per core) family 6 model 60 stepping 3, cmov, cx8, fxsr, mmx, sse, sse2, sse3, ssse3, sse4.1, sse4.2, popcnt, avx, avx2, aes, clmul, erms, lzcnt, tsc, tscinvbit, bmi1, bmi2

Memory: 4k page, physical 8353940k(470212k free), swap 10449252k(5104k free)

vm_info: Java HotSpot(TM) 64-Bit Server VM (25.65-b01) for windows-amd64 JRE (1.8.0_65-b17), built on Oct  6 2015 16:39:20 by "java_re" with MS VC++ 10.0 (VS2010)

time: Sat Dec 12 14:06:40 2015
elapsed time: 1 seconds (0d 0h 0m 1s)

