JvmtiExport can_access_local_variables 0
JvmtiExport can_hotswap_or_post_breakpoint 0
JvmtiExport can_post_on_exceptions 0
# 455 ciObject found
ciMethod java/lang/Object <init> ()V 4097 1 143455 0 0
ciMethod java/lang/Object hashCode ()I 2049 1 256 0 -1
ciMethod java/lang/Object equals (Ljava/lang/Object;)Z 1201 1 2579 0 -1
ciMethod java/lang/Object clone ()Ljava/lang/Object; 2049 1 256 0 -1
ciMethod java/lang/String <init> ([CII)V 3057 1 5963 0 720
ciMethod java/lang/String <init> ([BIILjava/lang/String;)V 3089 1 874 0 -1
ciMethod java/lang/String <init> ([CZ)V 2057 1 10890 0 0
ciMethod java/lang/String length ()I 4097 1 82707 0 48
ciMethod java/lang/String charAt (I)C 4097 1 557551 0 144
ciMethod java/lang/String getChars ([CI)V 2073 1 5385 0 0
ciMethod java/lang/String equals (Ljava/lang/Object;)Z 2097 10425 2988 0 -1
ciMethod java/lang/String equalsIgnoreCase (Ljava/lang/String;)Z 3161 1 5553 0 1488
ciMethod java/lang/String regionMatches (ZILjava/lang/String;II)Z 1857 529 3370 0 0
ciMethod java/lang/String hashCode ()I 2753 32769 1301 0 304
ciMethod java/lang/String lastIndexOf (I)I 2057 1 10212 0 304
ciMethod java/lang/String lastIndexOf (II)I 865 42113 732 0 304
ciMethod java/lang/String lastIndexOfSupplementary (II)I 0 0 1 0 -1
ciMethod java/lang/String substring (II)Ljava/lang/String; 2825 1 5550 0 976
ciMethod java/lang/String concat (Ljava/lang/String;)Ljava/lang/String; 2065 1 5385 0 880
ciMethod java/lang/String replace (CC)Ljava/lang/String; 905 41113 793 0 1104
ciMethod java/lang/String toUpperCase (Ljava/util/Locale;)Ljava/lang/String; 449 10769 640 0 -1
ciMethod java/lang/ClassLoader defineClass (Ljava/lang/String;[BIILjava/security/ProtectionDomain;)Ljava/lang/Class; 2145 1 1929 0 -1
ciMethod java/lang/ClassLoader definePackage (Ljava/lang/String;Ljava/lang/String;Ljava/lang/String;Ljava/lang/String;Ljava/lang/String;Ljava/lang/String;Ljava/lang/String;Ljava/net/URL;)Ljava/lang/Package; 785 1 284 0 0
ciMethod java/lang/ClassLoader getPackage (Ljava/lang/String;)Ljava/lang/Package; 2049 1 3451 0 0
ciMethod java/lang/System nanoTime ()J 3073 1 384 0 -1
ciMethod java/lang/System arraycopy (Ljava/lang/Object;ILjava/lang/Object;II)V 7169 1 896 0 -1
ciMethod java/lang/Throwable addSuppressed (Ljava/lang/Throwable;)V 0 0 1 0 -1
ciMethod java/security/SecureClassLoader defineClass (Ljava/lang/String;[BIILjava/security/CodeSource;)Ljava/lang/Class; 2145 1 1868 0 -1
ciMethod java/security/SecureClassLoader defineClass (Ljava/lang/String;Ljava/nio/ByteBuffer;Ljava/security/CodeSource;)Ljava/lang/Class; 0 0 1 0 -1
ciMethod java/security/SecureClassLoader getProtectionDomain (Ljava/security/CodeSource;)Ljava/security/ProtectionDomain; 2145 1 1928 0 -1
ciMethod java/lang/ref/Reference get ()Ljava/lang/Object; 2057 1 257 0 -1
ciMethod java/lang/ref/Reference <init> (Ljava/lang/Object;)V 1553 1 3507 0 0
ciMethod java/lang/ref/Reference <init> (Ljava/lang/Object;Ljava/lang/ref/ReferenceQueue;)V 3073 1 12547 0 112
ciMethod java/lang/ref/SoftReference <init> (Ljava/lang/Object;)V 1369 1 1114 0 0
ciMethod java/lang/ref/SoftReference get ()Ljava/lang/Object; 2177 1 10929 0 112
ciMethod java/lang/Thread currentThread ()Ljava/lang/Thread; 2049 1 256 0 -1
ciMethod java/lang/Thread interrupt ()V 0 0 1 0 -1
ciMethod java/lang/Thread interrupted ()Z 3177 1 1942 0 -1
ciMethod java/util/Map get (Ljava/lang/Object;)Ljava/lang/Object; 0 0 1 0 -1
ciMethod java/util/Map put (Ljava/lang/Object;Ljava/lang/Object;)Ljava/lang/Object; 0 0 1 0 -1
ciMethod java/util/Hashtable <init> (IF)V 2049 1 429 0 0
ciMethod java/util/Hashtable <init> (I)V 817 1 100 0 0
ciMethod java/util/Hashtable <init> ()V 2049 1 329 0 0
ciMethod java/util/Dictionary <init> ()V 2049 1 429 0 0
ciMethod java/lang/StringBuilder <init> ()V 729 1 8438 0 -1
ciMethod java/lang/StringBuilder append (Ljava/lang/String;)Ljava/lang/StringBuilder; 1657 1 14204 0 -1
ciMethod java/lang/StringBuilder toString ()Ljava/lang/String; 825 1 8620 0 -1
ciMethod java/io/ByteArrayInputStream <init> ([B)V 137 1 103 0 0
ciMethod java/io/InputStream <init> ()V 2049 1 4844 0 0
ciMethod java/io/InputStream read ([BII)I 9 1841 1 0 -1
ciMethod java/io/InputStream close ()V 0 0 1 0 -1
ciMethod java/net/URLClassLoader getAndVerifyPackage (Ljava/lang/String;Ljava/util/jar/Manifest;Ljava/net/URL;)Ljava/lang/Package; 3073 1 1877 0 0
ciMethod java/net/URLClassLoader definePackageInternal (Ljava/lang/String;Ljava/util/jar/Manifest;Ljava/net/URL;)V 2145 1 1868 0 0
ciMethod java/net/URLClassLoader defineClass (Ljava/lang/String;Lsun/misc/Resource;)Ljava/lang/Class; 1129 1 1868 0 0
ciMethod java/net/URLClassLoader definePackage (Ljava/lang/String;Ljava/util/jar/Manifest;Ljava/net/URL;)Ljava/lang/Package; 785 1 283 0 0
ciMethod java/net/URLClassLoader isSealed (Ljava/lang/String;Ljava/util/jar/Manifest;)Z 2049 1 1594 0 0
ciMethod java/net/URLClassLoader access$000 (Ljava/net/URLClassLoader;)Lsun/misc/URLClassPath; 1201 1 150 0 0
ciMethod java/net/URLClassLoader access$100 (Ljava/net/URLClassLoader;Ljava/lang/String;Lsun/misc/Resource;)Ljava/lang/Class; 1129 1 1865 0 0
ciMethod java/util/jar/Manifest <init> (Ljava/io/InputStream;)V 137 1 98 0 0
ciMethod java/util/jar/Manifest getMainAttributes ()Ljava/util/jar/Attributes; 1025 1 128 0 0
ciMethod java/util/jar/Manifest getEntries ()Ljava/util/Map; 1025 1 128 0 0
ciMethod java/util/jar/Manifest getAttributes (Ljava/lang/String;)Ljava/util/jar/Attributes; 3129 1 1966 0 0
ciMethod java/util/jar/Manifest read (Ljava/io/InputStream;)V 137 1 100 0 -1
ciMethod java/util/jar/Manifest parseName ([BI)Ljava/lang/String; 313 1 39 0 -1
ciMethod java/security/CodeSource <init> (Ljava/net/URL;[Ljava/security/CodeSigner;)V 2145 1 1868 0 -1
ciMethod java/lang/Character toLowerCase (C)C 2137 1 10694 0 0
ciMethod java/lang/Character toLowerCase (I)I 4097 1 81372 0 0
ciMethod java/lang/Character toUpperCase (C)C 3233 1 9867 0 0
ciMethod java/lang/Character toUpperCase (I)I 3233 1 9869 0 0
ciMethod java/lang/Float isNaN (F)Z 2737 1 2339 0 0
ciMethod java/lang/Float floatToRawIntBits (F)I 25 1 3 0 -1
ciMethod java/util/Comparator compare (Ljava/lang/Object;Ljava/lang/Object;)I 0 0 1 0 -1
ciMethod java/security/AccessController doPrivileged (Ljava/security/PrivilegedAction;)Ljava/lang/Object; 3073 1 384 0 -1
ciMethod java/util/AbstractList <init> ()V 2049 1 5072 0 0
ciMethod java/util/AbstractCollection <init> ()V 537 1 8116 0 0
ciMethod java/lang/Math max (II)I 425 1 17019 0 -1
ciMethod java/lang/Math min (II)I 3745 1 47340 0 -1
ciMethod java/lang/Math min (FF)F 2049 1 468 0 0
ciMethod java/util/AbstractMap <init> ()V 633 1 3237 0 0
ciMethod java/util/ArrayList <init> ()V 1353 1 2591 0 0
ciMethod java/util/ArrayList get (I)Ljava/lang/Object; 1937 1 6401 0 -1
ciMethod java/util/HashMap hash (Ljava/lang/Object;)I 2185 1 21425 0 160
ciMethod java/util/HashMap tableSizeFor (I)I 2049 1 1387 0 0
ciMethod java/util/HashMap <init> (IF)V 2049 1 1381 0 0
ciMethod java/util/HashMap <init> (I)V 473 1 566 0 0
ciMethod java/util/HashMap <init> ()V 265 1 1226 0 0
ciMethod java/util/HashMap get (Ljava/lang/Object;)Ljava/lang/Object; 2097 1 10682 0 0
ciMethod java/util/HashMap getNode (ILjava/lang/Object;)Ljava/util/HashMap$Node; 3057 17 10051 0 0
ciMethod java/util/HashMap put (Ljava/lang/Object;Ljava/lang/Object;)Ljava/lang/Object; 3209 1 9854 0 0
ciMethod java/util/HashMap putVal (ILjava/lang/Object;Ljava/lang/Object;ZZ)Ljava/lang/Object; 2369 161 10344 0 0
ciMethod java/util/HashMap resize ()[Ljava/util/HashMap$Node; 337 1921 1382 0 -1
ciMethod java/util/HashMap treeifyBin ([Ljava/util/HashMap$Node;I)V 0 0 1 0 -1
ciMethod java/util/HashMap newNode (ILjava/lang/Object;Ljava/lang/Object;Ljava/util/HashMap$Node;)Ljava/util/HashMap$Node; 3433 1 5668 0 208
ciMethod java/util/HashMap afterNodeAccess (Ljava/util/HashMap$Node;)V 2097 1 1287 0 0
ciMethod java/util/HashMap afterNodeInsertion (Z)V 3433 1 1454 0 0
ciMethod java/util/HashMap$Node <init> (ILjava/lang/Object;Ljava/lang/Object;Ljava/util/HashMap$Node;)V 2609 1 12603 0 0
ciMethod java/util/Arrays copyOf ([BI)[B 2073 1 11184 0 -1
ciMethod java/util/Arrays copyOf ([CI)[C 2049 1 14765 0 0
ciMethod java/util/Arrays copyOfRange ([CII)[C 3145 1 5583 0 512
ciMethod sun/misc/ASCIICaseInsensitiveComparator compare (Ljava/lang/String;Ljava/lang/String;)I 4097 6513 12936 0 -1
ciMethod sun/misc/ASCIICaseInsensitiveComparator lowerCaseHashCode (Ljava/lang/String;)I 497 8305 829 0 0
ciMethod sun/misc/ASCIICaseInsensitiveComparator isUpper (I)Z 4097 1 35910 0 -1
ciMethod sun/misc/ASCIICaseInsensitiveComparator toLower (I)I 4097 1 35910 0 64
ciMethod sun/misc/ASCIICaseInsensitiveComparator compare (Ljava/lang/Object;Ljava/lang/Object;)I 4097 1 13516 0 976
ciMethodData java/lang/String charAt (I)C 2 558400 orig 264 136 160 210 81 0 0 0 0 104 61 102 20 0 0 0 0 120 1 0 0 32 0 0 0 0 0 0 0 0 0 0 0 0 0 0 0 0 0 0 0 0 0 0 0 0 0 0 0 0 0 0 0 0 0 0 0 0 0 0 0 0 0 0 0 0 0 0 0 0 0 0 0 0 0 0 0 0 0 0 0 77 68 79 32 101 120 116 114 97 32 100 97 116 97 32 108 111 99 107 0 0 0 0 0 0 0 0 0 0 0 0 0 0 0 0 0 0 0 0 0 0 0 0 0 0 0 0 0 0 0 0 0 0 0 0 0 0 0 0 0 0 0 0 0 0 0 0 0 0 0 0 0 0 0 0 0 0 0 0 0 0 0 0 0 0 0 0 0 0 0 0 0 0 0 0 0 0 0 0 0 0 0 0 0 25 0 0 0 0 0 0 0 0 0 0 0 0 0 0 0 1 0 0 0 0 0 0 0 0 0 0 0 0 0 0 0 0 2 0 0 1 26 68 0 1 0 0 0 0 0 0 0 0 0 0 0 2 0 0 0 0 0 0 0 0 0 0 0 80 0 0 0 255 255 255 255 7 0 1 0 0 0 0 0 data 10 0x10007 0x0 0x40 0x88340 0xa0007 0x88340 0x30 0x0 0x120002 0x0 oops 0
ciMethodData java/lang/String length ()I 2 82707 orig 264 136 160 210 81 0 0 0 0 24 60 102 20 0 0 0 0 32 1 0 0 0 0 0 0 0 0 0 0 0 0 0 0 0 0 0 0 0 0 0 0 0 0 0 0 0 0 0 0 0 0 0 0 0 0 0 0 0 0 0 0 0 0 0 0 0 0 0 0 0 0 0 0 0 0 0 0 0 0 0 0 77 68 79 32 101 120 116 114 97 32 100 97 116 97 32 108 111 99 107 0 0 0 0 0 0 0 0 0 0 0 0 0 0 0 0 0 0 0 0 0 0 0 0 0 0 0 0 0 0 0 0 0 0 0 0 0 0 0 0 0 0 0 0 0 0 0 0 0 0 0 0 0 0 0 0 0 0 0 0 0 0 0 0 0 0 0 0 0 0 0 0 0 0 0 0 0 0 0 0 0 0 0 0 0 0 0 0 0 0 0 0 0 0 0 0 0 0 0 0 0 0 0 0 0 0 0 0 0 0 0 0 0 0 0 0 0 0 2 0 0 153 8 10 0 1 0 0 0 0 0 0 0 0 0 0 0 2 0 0 0 0 0 0 0 0 0 0 0 0 0 0 0 255 255 255 255 0 0 0 0 0 0 0 0 data 0 oops 0
ciMethodData sun/misc/ASCIICaseInsensitiveComparator toLower (I)I 2 35910 orig 264 136 160 210 81 0 0 0 0 144 201 120 20 0 0 0 0 144 1 0 0 0 0 0 0 0 0 0 0 0 0 0 0 0 0 0 0 0 0 0 0 0 0 0 0 0 0 0 0 0 0 0 0 0 0 0 0 0 0 0 0 0 0 0 0 0 0 0 0 0 0 0 0 0 0 0 0 0 0 0 0 77 68 79 32 101 120 116 114 97 32 100 97 116 97 32 108 111 99 107 0 0 0 0 0 0 0 0 0 0 0 0 0 0 0 0 0 0 0 0 0 0 0 0 0 0 0 0 0 0 0 0 0 0 0 0 0 0 0 0 0 0 0 0 0 0 0 0 0 0 0 0 0 0 0 0 0 0 0 0 0 0 0 0 0 0 0 0 0 0 0 0 0 0 0 0 0 0 0 0 0 0 0 0 0 0 0 0 0 0 0 0 0 0 0 0 0 0 0 0 0 0 0 0 0 0 0 0 0 0 0 0 0 0 0 0 0 0 2 0 0 49 82 4 0 1 0 0 0 0 0 0 0 0 0 0 0 2 0 0 0 0 0 0 0 0 0 0 0 72 0 0 0 255 255 255 255 2 0 1 0 0 0 0 0 data 9 0x10002 0x8a46 0x40007 0x6f4e 0x38 0x1af8 0xb0003 0x1af8 0x18 oops 0
ciMethodData sun/misc/ASCIICaseInsensitiveComparator compare (Ljava/lang/Object;Ljava/lang/Object;)I 2 13524 orig 264 136 160 210 81 0 0 0 0 208 202 120 20 0 0 0 0 232 1 0 0 0 0 0 0 0 0 0 0 0 0 0 0 0 0 0 0 0 0 0 0 0 0 0 0 0 0 0 0 0 0 0 0 0 0 0 0 0 0 0 0 0 0 0 0 0 0 0 0 0 0 0 0 0 0 0 0 0 0 0 0 77 68 79 32 101 120 116 114 97 32 100 97 116 97 32 108 111 99 107 0 0 0 0 0 0 0 0 0 0 0 0 0 0 0 0 0 0 0 0 0 0 0 0 0 0 0 0 0 0 0 0 0 0 0 0 0 0 0 0 0 0 0 0 0 0 0 0 0 0 0 0 0 0 0 0 0 0 0 0 0 0 0 0 0 0 0 0 0 0 0 0 0 0 0 0 0 0 0 0 0 0 0 0 0 0 0 0 0 0 0 0 0 0 0 0 0 0 0 0 0 0 0 0 0 0 0 0 0 0 0 0 0 0 0 0 0 0 2 0 0 161 150 1 0 1 0 0 0 0 0 0 0 0 0 0 0 2 0 0 0 0 0 0 0 0 0 0 0 144 0 0 0 255 255 255 255 4 0 2 0 0 0 0 0 data 18 0x20004 0x0 0x23b0610 0x3088 0x0 0x0 0x60004 0x0 0x23b0610 0x3088 0x0 0x0 0x90005 0x0 0x1a18d830 0x32d4 0x0 0x0 oops 3